<?xml version="1.0" encoding="UTF-8"?>
<!-- Generated by org.testng.reporters.JUnitReportReporter -->
<testsuite hostname="DESKTOP-CKA3IJ5" failures="0" tests="2" name="com.intertrust.Homepage" time="3.405" errors="0" timestamp="2023-08-20T14:29:40 IST" skipped="0">
  <testcase classname="com.intertrust.Homepage" name="launchhome" time="2.987"/>
  <testcase classname="com.intertrust.Homepage" name="driverclose" time="0.418"/>
</testsuite> <!-- com.intertrust.Homepage -->
